<?xml version="1.0" encoding="UTF-8"?>
<!-- Generated by org.testng.reporters.JUnitXMLReporter -->
<testsuite hostname="WKWIN7106031" ignored="0" name="Parallel-TestWithChrome" tests="7" failures="1" timestamp="2019-09-26T13:07:10 IST" time="28.2" errors="0">
  <testcase name="GetPagetitle" time="0.067" classname="com.qa.test.GooglePageParallelTest"/>
  <testcase name="getLogo" time="0.458" classname="com.qa.test.GooglePageParallelTest"/>
  <testcase name="verifyImages" time="0.463" classname="com.qa.test.GooglePageParallelTest"/>
  <testcase name="verifyGMailLink" time="0.096" classname="com.qa.test.GooglePageParallelTest"/>
  <testcase name="verifySearchText" time="0.51" classname="com.qa.test.GooglePageParallelTest"/>
  <testcase name="verifyMicrophoneIcon" time="0.113" classname="com.qa.test.GooglePageParallelTest"/>
  <testcase name="finalTest" time="0.306" classname="com.qa.test.GooglePageParallelTest">
    <failure type="java.lang.AssertionError" message="The following asserts failed:
	did not expect to find [false] but found [true],
	did not expect to find [false] but found [true],
	did not expect to find [false] but found [true]">
      <![CDATA[java.lang.AssertionError: The following asserts failed:
did not expect to find [false] but found [true],
did not expect to find [false] but found [true],
did not expect to find [false] but found [true]
at com.qa.test.GooglePageParallelTest.finalTest(GooglePageParallelTest.java:101)
at java.util.concurrent.ThreadPoolExecutor.runWorker(Unknown Source)
at java.util.concurrent.ThreadPoolExecutor$Worker.run(Unknown Source)
at java.lang.Thread.run(Unknown Source)
... Removed 14 stack frames]]>
    </failure>
  </testcase> <!-- finalTest -->
</testsuite> <!-- Parallel-TestWithChrome -->
