<?xml version="1.0" encoding="UTF-8"?>
<!-- Generated by org.testng.reporters.JUnitXMLReporter -->
<testsuite hostname="WKWIN7106031" ignored="0" name="Google Sanity" tests="7" failures="1" timestamp="2019-09-25T17:07:37 IST" time="43.004" errors="0">
  <testcase name="GetPagetitle" time="0.023" classname="com.qa.test.GoogleTest"/>
  <testcase name="getLogo" time="0.12" classname="com.qa.test.GoogleTest"/>
  <testcase name="verifyGMailLink" time="0.189" classname="com.qa.test.GoogleTest"/>
  <testcase name="verifyImages" time="0.116" classname="com.qa.test.GoogleTest"/>
  <testcase name="verifySearchText" time="0.073" classname="com.qa.test.GoogleTest"/>
  <testcase name="verifyMicrophoneIcon" time="0.063" classname="com.qa.test.GoogleTest"/>
  <testcase name="finalTest" time="0.296" classname="com.qa.test.GoogleTest">
    <failure type="java.lang.AssertionError" message="The following asserts failed:
	did not expect to find [false] but found [true],
	did not expect to find [false] but found [true],
	did not expect to find [false] but found [true]">
      <![CDATA[java.lang.AssertionError: The following asserts failed:
did not expect to find [false] but found [true],
did not expect to find [false] but found [true],
did not expect to find [false] but found [true]
at org.testng.asserts.SoftAssert.assertAll(SoftAssert.java:47)
at org.testng.asserts.SoftAssert.assertAll(SoftAssert.java:31)
at com.qa.test.GoogleTest.finalTest(GoogleTest.java:103)
at sun.reflect.NativeMethodAccessorImpl.invoke0(Native Method)
at sun.reflect.NativeMethodAccessorImpl.invoke(Unknown Source)
at sun.reflect.DelegatingMethodAccessorImpl.invoke(Unknown Source)
at java.lang.reflect.Method.invoke(Unknown Source)
at org.testng.internal.MethodInvocationHelper.invokeMethod(MethodInvocationHelper.java:133)
at org.testng.internal.TestInvoker.invokeMethod(TestInvoker.java:584)
at org.testng.internal.TestInvoker.invokeTestMethod(TestInvoker.java:172)
at org.testng.internal.MethodRunner.runInSequence(MethodRunner.java:46)
at org.testng.internal.TestInvoker$MethodInvocationAgent.invoke(TestInvoker.java:804)
at org.testng.internal.TestInvoker.invokeTestMethods(TestInvoker.java:145)
at org.testng.internal.TestMethodWorker.invokeTestMethods(TestMethodWorker.java:146)
at org.testng.internal.TestMethodWorker.run(TestMethodWorker.java:128)
at java.util.ArrayList.forEach(Unknown Source)
at org.testng.TestRunner.privateRun(TestRunner.java:770)
at org.testng.TestRunner.run(TestRunner.java:591)
at org.testng.SuiteRunner.runTest(SuiteRunner.java:402)
at org.testng.SuiteRunner.runSequentially(SuiteRunner.java:396)
at org.testng.SuiteRunner.privateRun(SuiteRunner.java:355)
at org.testng.SuiteRunner.run(SuiteRunner.java:304)
at org.testng.SuiteRunnerWorker.runSuite(SuiteRunnerWorker.java:53)
at org.testng.SuiteRunnerWorker.run(SuiteRunnerWorker.java:96)
at org.testng.TestNG.runSuitesSequentially(TestNG.java:1180)
at org.testng.TestNG.runSuitesLocally(TestNG.java:1102)
at org.testng.TestNG.runSuites(TestNG.java:1032)
at org.testng.TestNG.run(TestNG.java:1000)
at org.testng.remote.AbstractRemoteTestNG.run(AbstractRemoteTestNG.java:115)
at org.testng.remote.RemoteTestNG.initAndRun(RemoteTestNG.java:251)
at org.testng.remote.RemoteTestNG.main(RemoteTestNG.java:77)
]]>
    </failure>
  </testcase> <!-- finalTest -->
</testsuite> <!-- Google Sanity -->
