<?xml version="1.0" encoding="UTF-8"?>
<testng-results skipped="0" failed="1" ignored="0" total="7" passed="6">
  <reporter-output>
  </reporter-output>
  <suite name="Parallel Test -Google test Suite" duration-ms="28200" started-at="2019-09-26T13:06:42 IST" finished-at="2019-09-26T13:07:10 IST">
    <groups>
      <group name="regression">
        <method signature="GooglePageParallelTest.verifyImages()[pri:4, instance:com.qa.test.GooglePageParallelTest@a7e666]" name="verifyImages" class="com.qa.test.GooglePageParallelTest"/>
        <method signature="GooglePageParallelTest.verifyMicrophoneIcon()[pri:6, instance:com.qa.test.GooglePageParallelTest@a7e666]" name="verifyMicrophoneIcon" class="com.qa.test.GooglePageParallelTest"/>
        <method signature="GooglePageParallelTest.verifySearchText()[pri:5, instance:com.qa.test.GooglePageParallelTest@a7e666]" name="verifySearchText" class="com.qa.test.GooglePageParallelTest"/>
      </group> <!-- regression -->
      <group name="smoke">
        <method signature="GooglePageParallelTest.getLogo()[pri:2, instance:com.qa.test.GooglePageParallelTest@a7e666]" name="getLogo" class="com.qa.test.GooglePageParallelTest"/>
      </group> <!-- smoke -->
      <group name="sanity">
        <method signature="GooglePageParallelTest.GetPagetitle()[pri:1, instance:com.qa.test.GooglePageParallelTest@a7e666]" name="GetPagetitle" class="com.qa.test.GooglePageParallelTest"/>
        <method signature="GooglePageParallelTest.verifyGMailLink()[pri:3, instance:com.qa.test.GooglePageParallelTest@a7e666]" name="verifyGMailLink" class="com.qa.test.GooglePageParallelTest"/>
      </group> <!-- sanity -->
    </groups>
    <test name="Parallel-TestWithChrome" duration-ms="28200" started-at="2019-09-26T13:06:42 IST" finished-at="2019-09-26T13:07:10 IST">
      <class name="com.qa.test.GooglePageParallelTest">
        <test-method status="PASS" signature="BrowserSetUP(java.lang.String)[pri:0, instance:com.qa.test.GooglePageParallelTest@a7e666]" name="BrowserSetUP" is-config="true" duration-ms="6571" started-at="2019-09-26T13:06:42 IST" finished-at="2019-09-26T13:06:48 IST">
          <params>
            <param index="0">
              <value>
                <![CDATA[chrome]]>
              </value>
            </param>
          </params>
          <reporter-output>
          </reporter-output>
        </test-method> <!-- BrowserSetUP -->
        <test-method status="PASS" signature="BrowserSetUP(java.lang.String)[pri:0, instance:com.qa.test.GooglePageParallelTest@a7e666]" name="BrowserSetUP" is-config="true" duration-ms="6937" started-at="2019-09-26T13:06:42 IST" finished-at="2019-09-26T13:06:49 IST">
          <params>
            <param index="0">
              <value>
                <![CDATA[chrome]]>
              </value>
            </param>
          </params>
          <reporter-output>
          </reporter-output>
        </test-method> <!-- BrowserSetUP -->
        <test-method status="PASS" signature="getLogo()[pri:2, instance:com.qa.test.GooglePageParallelTest@a7e666]" name="getLogo" duration-ms="458" started-at="2019-09-26T13:06:48 IST" finished-at="2019-09-26T13:06:49 IST">
          <reporter-output>
          </reporter-output>
        </test-method> <!-- getLogo -->
        <test-method status="PASS" signature="GetPagetitle()[pri:1, instance:com.qa.test.GooglePageParallelTest@a7e666]" name="GetPagetitle" duration-ms="67" started-at="2019-09-26T13:06:49 IST" finished-at="2019-09-26T13:06:49 IST">
          <reporter-output>
          </reporter-output>
        </test-method> <!-- GetPagetitle -->
        <test-method status="PASS" signature="tearDown()[pri:0, instance:com.qa.test.GooglePageParallelTest@a7e666]" name="tearDown" is-config="true" duration-ms="716" started-at="2019-09-26T13:06:49 IST" finished-at="2019-09-26T13:06:50 IST">
          <reporter-output>
          </reporter-output>
        </test-method> <!-- tearDown -->
        <test-method status="PASS" signature="tearDown()[pri:0, instance:com.qa.test.GooglePageParallelTest@a7e666]" name="tearDown" is-config="true" duration-ms="692" started-at="2019-09-26T13:06:49 IST" finished-at="2019-09-26T13:06:50 IST">
          <reporter-output>
          </reporter-output>
        </test-method> <!-- tearDown -->
        <test-method status="PASS" signature="BrowserSetUP(java.lang.String)[pri:0, instance:com.qa.test.GooglePageParallelTest@a7e666]" name="BrowserSetUP" is-config="true" duration-ms="5763" started-at="2019-09-26T13:06:50 IST" finished-at="2019-09-26T13:06:55 IST">
          <params>
            <param index="0">
              <value>
                <![CDATA[chrome]]>
              </value>
            </param>
          </params>
          <reporter-output>
          </reporter-output>
        </test-method> <!-- BrowserSetUP -->
        <test-method status="PASS" signature="BrowserSetUP(java.lang.String)[pri:0, instance:com.qa.test.GooglePageParallelTest@a7e666]" name="BrowserSetUP" is-config="true" duration-ms="6147" started-at="2019-09-26T13:06:50 IST" finished-at="2019-09-26T13:06:56 IST">
          <params>
            <param index="0">
              <value>
                <![CDATA[chrome]]>
              </value>
            </param>
          </params>
          <reporter-output>
          </reporter-output>
        </test-method> <!-- BrowserSetUP -->
        <test-method status="PASS" signature="verifyImages()[pri:4, instance:com.qa.test.GooglePageParallelTest@a7e666]" name="verifyImages" duration-ms="463" started-at="2019-09-26T13:06:55 IST" finished-at="2019-09-26T13:06:56 IST">
          <reporter-output>
          </reporter-output>
        </test-method> <!-- verifyImages -->
        <test-method status="PASS" signature="verifyGMailLink()[pri:3, instance:com.qa.test.GooglePageParallelTest@a7e666]" name="verifyGMailLink" duration-ms="96" started-at="2019-09-26T13:06:56 IST" finished-at="2019-09-26T13:06:56 IST">
          <reporter-output>
          </reporter-output>
        </test-method> <!-- verifyGMailLink -->
        <test-method status="PASS" signature="tearDown()[pri:0, instance:com.qa.test.GooglePageParallelTest@a7e666]" name="tearDown" is-config="true" duration-ms="706" started-at="2019-09-26T13:06:56 IST" finished-at="2019-09-26T13:06:57 IST">
          <reporter-output>
          </reporter-output>
        </test-method> <!-- tearDown -->
        <test-method status="PASS" signature="tearDown()[pri:0, instance:com.qa.test.GooglePageParallelTest@a7e666]" name="tearDown" is-config="true" duration-ms="689" started-at="2019-09-26T13:06:56 IST" finished-at="2019-09-26T13:06:57 IST">
          <reporter-output>
          </reporter-output>
        </test-method> <!-- tearDown -->
        <test-method status="PASS" signature="BrowserSetUP(java.lang.String)[pri:0, instance:com.qa.test.GooglePageParallelTest@a7e666]" name="BrowserSetUP" is-config="true" duration-ms="6213" started-at="2019-09-26T13:06:57 IST" finished-at="2019-09-26T13:07:03 IST">
          <params>
            <param index="0">
              <value>
                <![CDATA[chrome]]>
              </value>
            </param>
          </params>
          <reporter-output>
          </reporter-output>
        </test-method> <!-- BrowserSetUP -->
        <test-method status="PASS" signature="BrowserSetUP(java.lang.String)[pri:0, instance:com.qa.test.GooglePageParallelTest@a7e666]" name="BrowserSetUP" is-config="true" duration-ms="5793" started-at="2019-09-26T13:06:57 IST" finished-at="2019-09-26T13:07:02 IST">
          <params>
            <param index="0">
              <value>
                <![CDATA[chrome]]>
              </value>
            </param>
          </params>
          <reporter-output>
          </reporter-output>
        </test-method> <!-- BrowserSetUP -->
        <test-method status="PASS" signature="verifySearchText()[pri:5, instance:com.qa.test.GooglePageParallelTest@a7e666]" name="verifySearchText" duration-ms="510" started-at="2019-09-26T13:07:02 IST" finished-at="2019-09-26T13:07:03 IST">
          <reporter-output>
          </reporter-output>
        </test-method> <!-- verifySearchText -->
        <test-method status="PASS" signature="verifyMicrophoneIcon()[pri:6, instance:com.qa.test.GooglePageParallelTest@a7e666]" name="verifyMicrophoneIcon" duration-ms="113" started-at="2019-09-26T13:07:03 IST" finished-at="2019-09-26T13:07:03 IST">
          <reporter-output>
          </reporter-output>
        </test-method> <!-- verifyMicrophoneIcon -->
        <test-method status="PASS" signature="tearDown()[pri:0, instance:com.qa.test.GooglePageParallelTest@a7e666]" name="tearDown" is-config="true" duration-ms="707" started-at="2019-09-26T13:07:03 IST" finished-at="2019-09-26T13:07:04 IST">
          <reporter-output>
          </reporter-output>
        </test-method> <!-- tearDown -->
        <test-method status="PASS" signature="tearDown()[pri:0, instance:com.qa.test.GooglePageParallelTest@a7e666]" name="tearDown" is-config="true" duration-ms="683" started-at="2019-09-26T13:07:03 IST" finished-at="2019-09-26T13:07:04 IST">
          <reporter-output>
          </reporter-output>
        </test-method> <!-- tearDown -->
        <test-method status="PASS" signature="BrowserSetUP(java.lang.String)[pri:0, instance:com.qa.test.GooglePageParallelTest@a7e666]" name="BrowserSetUP" is-config="true" duration-ms="5440" started-at="2019-09-26T13:07:04 IST" finished-at="2019-09-26T13:07:09 IST">
          <params>
            <param index="0">
              <value>
                <![CDATA[chrome]]>
              </value>
            </param>
          </params>
          <reporter-output>
          </reporter-output>
        </test-method> <!-- BrowserSetUP -->
        <test-method status="FAIL" signature="finalTest()[pri:7, instance:com.qa.test.GooglePageParallelTest@a7e666]" name="finalTest" duration-ms="306" started-at="2019-09-26T13:07:09 IST" finished-at="2019-09-26T13:07:09 IST">
          <exception class="java.lang.AssertionError">
            <message>
              <![CDATA[The following asserts failed:
did not expect to find [false] but found [true],
did not expect to find [false] but found [true],
did not expect to find [false] but found [true]]]>
            </message>
            <full-stacktrace>
              <![CDATA[java.lang.AssertionError: The following asserts failed:
did not expect to find [false] but found [true],
did not expect to find [false] but found [true],
did not expect to find [false] but found [true]
at org.testng.asserts.SoftAssert.assertAll(SoftAssert.java:47)
at org.testng.asserts.SoftAssert.assertAll(SoftAssert.java:31)
at com.qa.test.GooglePageParallelTest.finalTest(GooglePageParallelTest.java:101)
at sun.reflect.NativeMethodAccessorImpl.invoke0(Native Method)
at sun.reflect.NativeMethodAccessorImpl.invoke(Unknown Source)
at sun.reflect.DelegatingMethodAccessorImpl.invoke(Unknown Source)
at java.lang.reflect.Method.invoke(Unknown Source)
at org.testng.internal.MethodInvocationHelper.invokeMethod(MethodInvocationHelper.java:133)
at org.testng.internal.TestInvoker.invokeMethod(TestInvoker.java:584)
at org.testng.internal.TestInvoker.invokeTestMethod(TestInvoker.java:172)
at org.testng.internal.MethodRunner.runInSequence(MethodRunner.java:46)
at org.testng.internal.TestInvoker$MethodInvocationAgent.invoke(TestInvoker.java:804)
at org.testng.internal.TestInvoker.invokeTestMethods(TestInvoker.java:145)
at org.testng.internal.TestMethodWorker.invokeTestMethods(TestMethodWorker.java:146)
at org.testng.internal.TestMethodWorker.run(TestMethodWorker.java:128)
at java.util.concurrent.ThreadPoolExecutor.runWorker(Unknown Source)
at java.util.concurrent.ThreadPoolExecutor$Worker.run(Unknown Source)
at java.lang.Thread.run(Unknown Source)
]]>
            </full-stacktrace>
          </exception> <!-- java.lang.AssertionError -->
          <reporter-output>
          </reporter-output>
        </test-method> <!-- finalTest -->
        <test-method status="PASS" signature="tearDown()[pri:0, instance:com.qa.test.GooglePageParallelTest@a7e666]" name="tearDown" is-config="true" duration-ms="730" started-at="2019-09-26T13:07:09 IST" finished-at="2019-09-26T13:07:10 IST">
          <reporter-output>
          </reporter-output>
        </test-method> <!-- tearDown -->
      </class> <!-- com.qa.test.GooglePageParallelTest -->
    </test> <!-- Parallel-TestWithChrome -->
  </suite> <!-- Parallel Test -Google test Suite -->
</testng-results>
