<?xml version="1.0" encoding="UTF-8"?>
<!-- Generated by org.testng.reporters.JUnitReportReporter -->
<testsuite skipped="0" hostname="WKWIN7106031" name="com.qa.test.GooglePageParallelTest" tests="7" failures="1" timestamp="2019-09-26T13:07:10 IST" time="49.800" errors="0">
  <testcase name="GetPagetitle" time="6.522" classname="com.qa.test.GooglePageParallelTest"/>
  <testcase name="getLogo" time="7.735" classname="com.qa.test.GooglePageParallelTest"/>
  <testcase name="verifyGMailLink" time="7.740" classname="com.qa.test.GooglePageParallelTest"/>
  <testcase name="verifyImages" time="7.406" classname="com.qa.test.GooglePageParallelTest"/>
  <testcase name="verifySearchText" time="6.633" classname="com.qa.test.GooglePageParallelTest"/>
  <testcase name="verifyMicrophoneIcon" time="6.622" classname="com.qa.test.GooglePageParallelTest"/>
  <testcase name="finalTest" time="7.142" classname="com.qa.test.GooglePageParallelTest">
    <failure type="java.lang.AssertionError" message="The following asserts failed:
	did not expect to find [false] but found [true],
	did not expect to find [false] but found [true],
	did not expect to find [false] but found [true]">
      <![CDATA[java.lang.AssertionError: The following asserts failed:
did not expect to find [false] but found [true],
did not expect to find [false] but found [true],
did not expect to find [false] but found [true]
at org.testng.asserts.SoftAssert.assertAll(SoftAssert.java:47)
at org.testng.asserts.SoftAssert.assertAll(SoftAssert.java:31)
at com.qa.test.GooglePageParallelTest.finalTest(GooglePageParallelTest.java:101)
at sun.reflect.NativeMethodAccessorImpl.invoke0(Native Method)
at sun.reflect.NativeMethodAccessorImpl.invoke(Unknown Source)
at sun.reflect.DelegatingMethodAccessorImpl.invoke(Unknown Source)
at java.lang.reflect.Method.invoke(Unknown Source)
at org.testng.internal.MethodInvocationHelper.invokeMethod(MethodInvocationHelper.java:133)
at org.testng.internal.TestInvoker.invokeMethod(TestInvoker.java:584)
at org.testng.internal.TestInvoker.invokeTestMethod(TestInvoker.java:172)
at org.testng.internal.MethodRunner.runInSequence(MethodRunner.java:46)
at org.testng.internal.TestInvoker$MethodInvocationAgent.invoke(TestInvoker.java:804)
at org.testng.internal.TestInvoker.invokeTestMethods(TestInvoker.java:145)
at org.testng.internal.TestMethodWorker.invokeTestMethods(TestMethodWorker.java:146)
at org.testng.internal.TestMethodWorker.run(TestMethodWorker.java:128)
at java.util.concurrent.ThreadPoolExecutor.runWorker(Unknown Source)
at java.util.concurrent.ThreadPoolExecutor$Worker.run(Unknown Source)
at java.lang.Thread.run(Unknown Source)
]]>
    </failure>
  </testcase> <!-- finalTest -->
</testsuite> <!-- com.qa.test.GooglePageParallelTest -->
